<?xml version="1.0" encoding="UTF-8"?>
<!-- Generated by org.testng.reporters.JUnitReportReporter -->
<testsuite hostname="PAR-N-PW07-4807" name="com.zaghir.project.testSelenium.SeleniumTestWhithChromeDriver" tests="5" failures="0" timestamp="24 Dec 2016 21:12:07 GMT" time="34.224" errors="0">
  <testcase name="testMenu" time="3.067" classname="com.zaghir.project.testSelenium.SeleniumTestWhithChromeDriver"/>
  <testcase name="testMenuAjouterArticle1" time="9.248" classname="com.zaghir.project.testSelenium.SeleniumTestWhithChromeDriver"/>
  <testcase name="testMenuAjouterArticle2" time="9.281" classname="com.zaghir.project.testSelenium.SeleniumTestWhithChromeDriver"/>
  <testcase name="testMenuAfficherLesArticles" time="9.251" classname="com.zaghir.project.testSelenium.SeleniumTestWhithChromeDriver"/>
  <testcase name="testIdentification" time="3.377" classname="com.zaghir.project.testSelenium.SeleniumTestWhithChromeDriver"/>
</testsuite> <!-- com.zaghir.project.testSelenium.SeleniumTestWhithChromeDriver -->
