<?xml version="1.0" encoding="UTF-8"?>
<!-- Generated by org.testng.reporters.JUnitReportReporter -->
<testsuite hostname="PAR-N-PW07-4807" name="com.zaghir.project.testSelenium.SeleniumTestIHM" tests="8" failures="0" timestamp="15 Dec 2016 00:15:28 GMT" time="0.021" errors="0">
  <testcase name="createDriver" time="0.002" classname="com.zaghir.project.testSelenium.SeleniumTestIHM"/>
  <testcase name="tearDownFireFoxDriver" time="0.004" classname="com.zaghir.project.testSelenium.SeleniumTestIHM"/>
  <testcase name="createChromeDriver" time="0.002" classname="com.zaghir.project.testSelenium.SeleniumTestIHM"/>
  <testcase name="homePage" time="0.001" classname="com.zaghir.project.testSelenium.SeleniumTestIHM"/>
  <testcase name="menuArticle" time="0.001" classname="com.zaghir.project.testSelenium.SeleniumTestIHM"/>
  <testcase name="createDriver" time="0.009" classname="com.zaghir.project.testSelenium.SeleniumTestIHM"/>
  <testcase name="tearDownChromeDriver" time="0.001" classname="com.zaghir.project.testSelenium.SeleniumTestIHM"/>
  <testcase name="createFireFoxDriver" time="0.001" classname="com.zaghir.project.testSelenium.SeleniumTestIHM"/>
</testsuite> <!-- com.zaghir.project.testSelenium.SeleniumTestIHM -->
