<?xml version="1.0" encoding="UTF-8"?>
<!-- Generated by org.testng.reporters.JUnitReportReporter -->
<testsuite hostname="PAR-N-PW07-4807" name="com.zaghir.project.testSelenium.TestNGDemo" tests="11" failures="0" timestamp="14 Dec 2016 21:39:12 GMT" time="3.061" errors="0">
  <testcase name="test5" time="0.001" classname="com.zaghir.project.testSelenium.TestNGDemo"/>
  <testcase name="test5" time="0.001" classname="com.zaghir.project.testSelenium.TestNGDemo"/>
  <testcase name="test3" time="0.001" classname="com.zaghir.project.testSelenium.TestNGDemo"/>
  <testcase name="test5" time="0.004" classname="com.zaghir.project.testSelenium.TestNGDemo"/>
  <testcase name="test5" time="0.001" classname="com.zaghir.project.testSelenium.TestNGDemo"/>
  <testcase name="test7" time="0.001" classname="com.zaghir.project.testSelenium.TestNGDemo"/>
  <testcase name="test5" time="0.012" classname="com.zaghir.project.testSelenium.TestNGDemo"/>
  <testcase name="test6" time="2.004" classname="com.zaghir.project.testSelenium.TestNGDemo"/>
  <testcase name="test1" time="1.033" classname="com.zaghir.project.testSelenium.TestNGDemo"/>
  <testcase name="test8" time="0.002" classname="com.zaghir.project.testSelenium.TestNGDemo"/>
  <testcase name="test4" time="0.001" classname="com.zaghir.project.testSelenium.TestNGDemo"/>
</testsuite> <!-- com.zaghir.project.testSelenium.TestNGDemo -->
