<?xml version="1.0" encoding="UTF-8"?>
<!-- Generated by org.testng.reporters.JUnitXMLReporter -->
<testsuite hostname="PAR-N-PW07-4807" name="test-pizza-champignons" tests="6" failures="0" timestamp="18 Dec 2016 13:51:08 GMT" time="0.06" errors="0">
  <testcase name="testChampignons" time="0.02" classname="com.zaghir.project.testNG.TestNGDemo3"/>
  <testcase name="testCommanderPizzaChampignons" time="0.0" classname="com.zaghir.project.testNG.TestNGDemo3"/>
  <testcase name="testOignon" time="0.01" classname="com.zaghir.project.testNG.TestNGDemo3"/>
  <testcase name="testPreparer" time="0.0" classname="com.zaghir.project.testNG.TestNGDemo3"/>
  <testcase name="testCuire" time="0.01" classname="com.zaghir.project.testNG.TestNGDemo3"/>
  <testcase name="testEmballer" time="0.0" classname="com.zaghir.project.testNG.TestNGDemo3"/>
</testsuite> <!-- test-pizza-champignons -->
