<?xml version="1.0" encoding="UTF-8"?>
<!-- Generated by org.testng.reporters.JUnitReportReporter -->
<testsuite hostname="PAR-N-PW07-4807" name="com.zaghir.project.testNG.TestNGDemo3" tests="12" failures="0" timestamp="18 Dec 2016 13:51:08 GMT" time="0.053" errors="0">
  <testcase name="testCommanderPizzaChampignons" time="0.000" classname="com.zaghir.project.testNG.TestNGDemo3"/>
  <testcase name="testChampignons" time="0.002" classname="com.zaghir.project.testNG.TestNGDemo3"/>
  <testcase name="testPreparer" time="0.000" classname="com.zaghir.project.testNG.TestNGDemo3"/>
  <testcase name="testChampignons" time="0.020" classname="com.zaghir.project.testNG.TestNGDemo3"/>
  <testcase name="testOignon" time="0.000" classname="com.zaghir.project.testNG.TestNGDemo3"/>
  <testcase name="testPreparer" time="0.000" classname="com.zaghir.project.testNG.TestNGDemo3"/>
  <testcase name="testOignon" time="0.010" classname="com.zaghir.project.testNG.TestNGDemo3"/>
  <testcase name="testCuire" time="0.010" classname="com.zaghir.project.testNG.TestNGDemo3"/>
  <testcase name="testCuire" time="0.010" classname="com.zaghir.project.testNG.TestNGDemo3"/>
  <testcase name="testCommanderPizzaFromage" time="0.001" classname="com.zaghir.project.testNG.TestNGDemo3"/>
  <testcase name="testEmballer" time="0.000" classname="com.zaghir.project.testNG.TestNGDemo3"/>
  <testcase name="testEmballer" time="0.000" classname="com.zaghir.project.testNG.TestNGDemo3"/>
</testsuite> <!-- com.zaghir.project.testNG.TestNGDemo3 -->
