<?xml version="1.0" encoding="UTF-8"?>
<!-- Generated by org.testng.reporters.JUnitReportReporter -->
<testsuite hostname="PAR-N-PW07-4807" name="com.zaghir.project.testNG.TestNGDemo2" tests="9" failures="0" timestamp="18 Dec 2016 12:54:29 GMT" time="0.020" errors="0">
  <testcase name="testBanane" time="0.010" classname="com.zaghir.project.testNG.TestNGDemo2"/>
  <testcase name="testCourgette" time="0.000" classname="com.zaghir.project.testNG.TestNGDemo2"/>
  <testcase name="testDriver" time="0.000" classname="com.zaghir.project.testNG.TestNGDemo2"/>
  <testcase name="testCuisine" time="0.010" classname="com.zaghir.project.testNG.TestNGDemo2"/>
  <testcase name="testOrange" time="0.000" classname="com.zaghir.project.testNG.TestNGDemo2"/>
  <testcase name="testPomme" time="0.000" classname="com.zaghir.project.testNG.TestNGDemo2"/>
  <testcase name="testOignon" time="0.000" classname="com.zaghir.project.testNG.TestNGDemo2"/>
  <testcase name="testDriver" time="0.000" classname="com.zaghir.project.testNG.TestNGDemo2"/>
  <testcase name="testCarotte" time="0.000" classname="com.zaghir.project.testNG.TestNGDemo2"/>
</testsuite> <!-- com.zaghir.project.testNG.TestNGDemo2 -->
