<?xml version="1.0" encoding="UTF-8"?>
<!-- Generated by org.testng.reporters.JUnitReportReporter -->
<testsuite hostname="PAR-N-PW07-4807" name="com.zaghir.project.testNG.TestNGDemo1" tests="11" failures="0" timestamp="18 Dec 2016 12:15:29 GMT" time="3.053" errors="0">
  <testcase name="test5" time="0.000" classname="com.zaghir.project.testNG.TestNGDemo1"/>
  <testcase name="test5" time="0.000" classname="com.zaghir.project.testNG.TestNGDemo1"/>
  <testcase name="test5" time="0.000" classname="com.zaghir.project.testNG.TestNGDemo1"/>
  <testcase name="test7" time="0.000" classname="com.zaghir.project.testNG.TestNGDemo1"/>
  <testcase name="test5" time="0.010" classname="com.zaghir.project.testNG.TestNGDemo1"/>
  <testcase name="test8" time="0.011" classname="com.zaghir.project.testNG.TestNGDemo1"/>
  <testcase name="test4" time="0.000" classname="com.zaghir.project.testNG.TestNGDemo1"/>
  <testcase name="test3" time="0.000" classname="com.zaghir.project.testNG.TestNGDemo1"/>
  <testcase name="test1" time="1.021" classname="com.zaghir.project.testNG.TestNGDemo1"/>
  <testcase name="test6" time="2.011" classname="com.zaghir.project.testNG.TestNGDemo1"/>
  <testcase name="test5" time="0.000" classname="com.zaghir.project.testNG.TestNGDemo1"/>
</testsuite> <!-- com.zaghir.project.testNG.TestNGDemo1 -->
